Using pre-set license
Built from '2021.3/staging' branch; Version is '2021.3.0f1 (6eacc8284459) revision 7253192'; Using compiler version '192829333'; Build Type 'Release'
OS: 'Windows 10  (10.0.19044) 64bit Core' Language: 'ko' Physical Memory: 32013 MB
BatchMode: 1, IsHumanControllingUs: 0, StartBugReporterOnCrash: 0, Is64bit: 1, IsPro: 1

COMMAND LINE ARGUMENTS:
C:\MyFiles\Unity\2021.3.0f1\Editor\Unity.exe
-adb2
-batchMode
-noUpm
-name
AssetImportWorker0
-projectPath
C:/MyFiles/Files/20210460 Noah/2_1/Unity/Unity_Second_Project_01
-logFile
Logs/AssetImportWorker0.log
-srvPort
62396
Successfully changed project path to: C:/MyFiles/Files/20210460 Noah/2_1/Unity/Unity_Second_Project_01
C:/MyFiles/Files/20210460 Noah/2_1/Unity/Unity_Second_Project_01
[UnityMemory] Configuration Parameters - Can be set up in boot.config
    "memorysetup-bucket-allocator-granularity=16"
    "memorysetup-bucket-allocator-bucket-count=8"
    "memorysetup-bucket-allocator-block-size=33554432"
    "memorysetup-bucket-allocator-block-count=8"
    "memorysetup-main-allocator-block-size=16777216"
    "memorysetup-thread-allocator-block-size=16777216"
    "memorysetup-gfx-main-allocator-block-size=16777216"
    "memorysetup-gfx-thread-allocator-block-size=16777216"
    "memorysetup-cache-allocator-block-size=4194304"
    "memorysetup-typetree-allocator-block-size=2097152"
    "memorysetup-profiler-bucket-allocator-granularity=16"
    "memorysetup-profiler-bucket-allocator-bucket-count=8"
    "memorysetup-profiler-bucket-allocator-block-size=33554432"
    "memorysetup-profiler-bucket-allocator-block-count=8"
    "memorysetup-profiler-allocator-block-size=16777216"
    "memorysetup-profiler-editor-allocator-block-size=1048576"
    "memorysetup-temp-allocator-size-main=16777216"
    "memorysetup-job-temp-allocator-block-size=2097152"
    "memorysetup-job-temp-allocator-block-size-background=1048576"
    "memorysetup-job-temp-allocator-reduction-small-platforms=262144"
    "memorysetup-temp-allocator-size-background-worker=32768"
    "memorysetup-temp-allocator-size-job-worker=262144"
    "memorysetup-temp-allocator-size-preload-manager=33554432"
    "memorysetup-temp-allocator-size-nav-mesh-worker=65536"
    "memorysetup-temp-allocator-size-audio-worker=65536"
    "memorysetup-temp-allocator-size-cloud-worker=32768"
    "memorysetup-temp-allocator-size-gi-baking-worker=262144"
    "memorysetup-temp-allocator-size-gfx=262144"
Refreshing native plugins compatible for Editor in 69.56 ms, found 3 plugins.
Preloading 0 native plugins for Editor in 0.00 ms.
Initialize engine version: 2021.3.0f1 (6eacc8284459)
[Subsystems] Discovering subsystems at path C:/MyFiles/Unity/2021.3.0f1/Editor/Data/Resources/UnitySubsystems
[Subsystems] Discovering subsystems at path C:/MyFiles/Files/20210460 Noah/2_1/Unity/Unity_Second_Project_01/Assets
GfxDevice: creating device client; threaded=0; jobified=0
Direct3D:
    Version:  Direct3D 11.0 [level 11.1]
    Renderer: NVIDIA GeForce RTX 3050 Laptop GPU (ID=0x25a2)
    Vendor:   NVIDIA
    VRAM:     3991 MB
    Driver:   30.0.15.1259
Initialize mono
Mono path[0] = 'C:/MyFiles/Unity/2021.3.0f1/Editor/Data/Managed'
Mono path[1] = 'C:/MyFiles/Unity/2021.3.0f1/Editor/Data/MonoBleedingEdge/lib/mono/unityjit-win32'
Mono config path = 'C:/MyFiles/Unity/2021.3.0f1/Editor/Data/MonoBleedingEdge/etc'
Using monoOptions --debugger-agent=transport=dt_socket,embedding=1,server=y,suspend=n,address=127.0.0.1:56940
Begin MonoManager ReloadAssembly
Registering precompiled unity dll's ...
Register platform support module: C:/MyFiles/Unity/2021.3.0f1/Editor/Data/PlaybackEngines/AndroidPlayer/UnityEditor.Android.Extensions.dll
Register platform support module: C:/MyFiles/Unity/2021.3.0f1/Editor/Data/PlaybackEngines/WindowsStandaloneSupport/UnityEditor.WindowsStandalone.Extensions.dll
Registered in 0.004931 seconds.
Native extension for WindowsStandalone target not found
Native extension for Android target not found
Refreshing native plugins compatible for Editor in 69.37 ms, found 3 plugins.
Preloading 0 native plugins for Editor in 0.00 ms.
Mono: successfully reloaded assembly
- Completed reload, in  0.528 seconds
Domain Reload Profiling:
	ReloadAssembly (529ms)
		BeginReloadAssembly (62ms)
			ExecutionOrderSort (0ms)
			DisableScriptedObjects (0ms)
			BackupInstance (0ms)
			ReleaseScriptingObjects (0ms)
			CreateAndSetChildDomain (1ms)
		EndReloadAssembly (376ms)
			LoadAssemblies (61ms)
			RebuildTransferFunctionScriptingTraits (0ms)
			SetupTypeCache (84ms)
			ReleaseScriptCaches (0ms)
			RebuildScriptCaches (20ms)
			SetupLoadedEditorAssemblies (231ms)
				LogAssemblyErrors (0ms)
				InitializePlatformSupportModulesInManaged (46ms)
				SetLoadedEditorAssemblies (0ms)
				RefreshPlugins (70ms)
				BeforeProcessingInitializeOnLoad (1ms)
				ProcessInitializeOnLoadAttributes (78ms)
				ProcessInitializeOnLoadMethodAttributes (36ms)
				AfterProcessingInitializeOnLoad (0ms)
				EditorAssembliesLoaded (0ms)
			ExecutionOrderSort2 (0ms)
			AwakeInstancesAfterBackupRestoration (0ms)
Platform modules already initialized, skipping
Registering precompiled user dll's ...
Registered in 0.003641 seconds.
Begin MonoManager ReloadAssembly
Symbol file LoadedFromMemory doesn't match image C:\MyFiles\Files\20210460 Noah\2_1\Unity\Unity_Second_Project_01\Library\PackageCache\com.unity.visualscripting@1.7.6\Editor\VisualScripting.Core\Dependencies\YamlDotNet\Unity.VisualScripting.YamlDotNet.dll
Symbol file LoadedFromMemory is not a mono symbol file
Symbol file LoadedFromMemory doesn't match image C:\MyFiles\Files\20210460 Noah\2_1\Unity\Unity_Second_Project_01\Library\PackageCache\com.unity.visualscripting@1.7.6\Editor\VisualScripting.Core\Dependencies\DotNetZip\Unity.VisualScripting.IonicZip.dll
Native extension for WindowsStandalone target not found
Native extension for Android target not found
Refreshing native plugins compatible for Editor in 0.57 ms, found 3 plugins.
Preloading 0 native plugins for Editor in 0.00 ms.
Mono: successfully reloaded assembly
- Completed reload, in  0.883 seconds
Domain Reload Profiling:
	ReloadAssembly (883ms)
		BeginReloadAssembly (187ms)
			ExecutionOrderSort (0ms)
			DisableScriptedObjects (4ms)
			BackupInstance (0ms)
			ReleaseScriptingObjects (0ms)
			CreateAndSetChildDomain (119ms)
		EndReloadAssembly (604ms)
			LoadAssemblies (64ms)
			RebuildTransferFunctionScriptingTraits (0ms)
			SetupTypeCache (182ms)
			ReleaseScriptCaches (1ms)
			RebuildScriptCaches (39ms)
			SetupLoadedEditorAssemblies (284ms)
				LogAssemblyErrors (0ms)
				InitializePlatformSupportModulesInManaged (12ms)
				SetLoadedEditorAssemblies (0ms)
				RefreshPlugins (1ms)
				BeforeProcessingInitializeOnLoad (71ms)
				ProcessInitializeOnLoadAttributes (173ms)
				ProcessInitializeOnLoadMethodAttributes (20ms)
				AfterProcessingInitializeOnLoad (6ms)
				EditorAssembliesLoaded (0ms)
			ExecutionOrderSort2 (0ms)
			AwakeInstancesAfterBackupRestoration (4ms)
Platform modules already initialized, skipping
========================================================================
Worker process is ready to serve import requests
Launched and connected shader compiler UnityShaderCompiler.exe after 0.04 seconds
Refreshing native plugins compatible for Editor in 0.60 ms, found 3 plugins.
Preloading 0 native plugins for Editor in 0.00 ms.
Unloading 3228 Unused Serialized files (Serialized files now loaded: 0)
Unloading 23 unused Assets / (112.6 KB). Loaded Objects now: 3693.
Memory consumption went from 112.8 MB to 112.7 MB.
Total: 3.518500 ms (FindLiveObjects: 0.398200 ms CreateObjectMapping: 0.090600 ms MarkObjects: 2.931000 ms  DeleteObjects: 0.097500 ms)

AssetImportParameters requested are different than current active one (requested -> active):
  custom:video-decoder-ogg-theora: a1e56fd34408186e4bbccfd4996cb3dc -> 
  custom:container-muxer-webm: aa71ff27fc2769a1b78a27578f13a17b -> 
  custom:container-demuxer-webm: 4f35f7cbe854078d1ac9338744f61a02 -> 
  custom:video-encoder-webm-vp8: eb34c28f22e8b96e1ab97ce403110664 -> 
  custom:audio-encoder-webm-vorbis: bf7c407c2cedff20999df2af8eb42d56 -> 
  custom:framework-win-MediaFoundation: 216162199b28c13a410421893ffa2e32 -> 
  custom:container-demuxer-ogg: 62fdf1f143b41e24485cea50d1cbac27 -> 
  custom:video-decoder-webm-vp8: 9c59270c3fd7afecdb556c50c9e8de78 -> 
  custom:audio-decoder-ogg-vorbis: bf7c407c2cedff20999df2af8eb42d56 -> 
========================================================================
Received Import Request.
  Time since last request: 2122047.028617 seconds.
  path: Assets/BrokenVector/LowPolyDungeon/Prefabs/Tiles/Balcony_Post.prefab
  artifactKey: Guid(858f824f92c8a904ab91fb51c02959d8) Importer(815301076,1909f56bfc062723c751e8b465ee728b)
Start importing Assets/BrokenVector/LowPolyDungeon/Prefabs/Tiles/Balcony_Post.prefab using Guid(858f824f92c8a904ab91fb51c02959d8) Importer(815301076,1909f56bfc062723c751e8b465ee728b)  -> (artifact id: '8c7d6590ee58b85605a1dd62d7ff776a') in 0.115663 seconds 
========================================================================
Received Import Request.
  Time since last request: 0.402390 seconds.
  path: Assets/BrokenVector/LowPolyDungeon/Prefabs/Tiles/Basement_Passage.prefab
  artifactKey: Guid(4b0d2ea51ebd97f4d91249e4c9bbefc4) Importer(815301076,1909f56bfc062723c751e8b465ee728b)
Start importing Assets/BrokenVector/LowPolyDungeon/Prefabs/Tiles/Basement_Passage.prefab using Guid(4b0d2ea51ebd97f4d91249e4c9bbefc4) Importer(815301076,1909f56bfc062723c751e8b465ee728b)  -> (artifact id: 'd5c6dd2894965cd2b3796cae2024c2a8') in 0.014179 seconds 
========================================================================
Received Import Request.
  Time since last request: 0.444684 seconds.
  path: Assets/BrokenVector/LowPolyDungeon/Prefabs/Tiles/Basement_Passage_Mix.prefab
  artifactKey: Guid(239723035b399824caf9644a73d51459) Importer(815301076,1909f56bfc062723c751e8b465ee728b)
Start importing Assets/BrokenVector/LowPolyDungeon/Prefabs/Tiles/Basement_Passage_Mix.prefab using Guid(239723035b399824caf9644a73d51459) Importer(815301076,1909f56bfc062723c751e8b465ee728b)  -> (artifact id: '8e518eb02a1cdd68a3cf0f6a041bba8e') in 0.012644 seconds 
========================================================================
Received Import Request.
  Time since last request: 0.616150 seconds.
  path: Assets/BrokenVector/LowPolyDungeon/Prefabs/Tiles/Basement_Var3.prefab
  artifactKey: Guid(e8782814328328c44b5fd078c06fbe10) Importer(815301076,1909f56bfc062723c751e8b465ee728b)
Start importing Assets/BrokenVector/LowPolyDungeon/Prefabs/Tiles/Basement_Var3.prefab using Guid(e8782814328328c44b5fd078c06fbe10) Importer(815301076,1909f56bfc062723c751e8b465ee728b)  -> (artifact id: '5b18a7e0ea848091899b6ecd0782b0f2') in 0.079052 seconds 
========================================================================
Received Import Request.
  Time since last request: 1.425613 seconds.
  path: Assets/BrokenVector/LowPolyDungeon/Prefabs/Tiles/Basement_Var4.prefab
  artifactKey: Guid(303434915ff72994f860f6202a4ef5f5) Importer(815301076,1909f56bfc062723c751e8b465ee728b)
Start importing Assets/BrokenVector/LowPolyDungeon/Prefabs/Tiles/Basement_Var4.prefab using Guid(303434915ff72994f860f6202a4ef5f5) Importer(815301076,1909f56bfc062723c751e8b465ee728b)  -> (artifact id: 'e641d2e69803523ddb5121fb417aebad') in 0.012431 seconds 
========================================================================
Received Import Request.
  Time since last request: 0.450966 seconds.
  path: Assets/BrokenVector/LowPolyDungeon/Prefabs/Tiles/Basement_Wall_Var2.prefab
  artifactKey: Guid(d157978297aa03d40bfe76f9decb9828) Importer(815301076,1909f56bfc062723c751e8b465ee728b)
Start importing Assets/BrokenVector/LowPolyDungeon/Prefabs/Tiles/Basement_Wall_Var2.prefab using Guid(d157978297aa03d40bfe76f9decb9828) Importer(815301076,1909f56bfc062723c751e8b465ee728b)  -> (artifact id: 'de200e37c8a1eb54e9b3bc89372ed832') in 0.011981 seconds 
========================================================================
Received Import Request.
  Time since last request: 1.196279 seconds.
  path: Assets/BrokenVector/LowPolyDungeon/Prefabs/Tiles/Basement_Wall_Var3.prefab
  artifactKey: Guid(3095027673429ac43888f84f7de0b80e) Importer(815301076,1909f56bfc062723c751e8b465ee728b)
Start importing Assets/BrokenVector/LowPolyDungeon/Prefabs/Tiles/Basement_Wall_Var3.prefab using Guid(3095027673429ac43888f84f7de0b80e) Importer(815301076,1909f56bfc062723c751e8b465ee728b)  -> (artifact id: 'c962141dfccc6b57e7ed630cf24b3826') in 0.013029 seconds 
========================================================================
Received Import Request.
  Time since last request: 1.001943 seconds.
  path: Assets/BrokenVector/LowPolyDungeon/Prefabs/Tiles/Door_Basement_Left.prefab
  artifactKey: Guid(8b456a21699676a4b94bd6288356bf89) Importer(815301076,1909f56bfc062723c751e8b465ee728b)
Start importing Assets/BrokenVector/LowPolyDungeon/Prefabs/Tiles/Door_Basement_Left.prefab using Guid(8b456a21699676a4b94bd6288356bf89) Importer(815301076,1909f56bfc062723c751e8b465ee728b)  -> (artifact id: '39410a9fae747e054c940da8d8ea3f31') in 0.010690 seconds 
========================================================================
Received Import Request.
  Time since last request: 0.429702 seconds.
  path: Assets/BrokenVector/LowPolyDungeon/Prefabs/Tiles/Door_Basement_Right.prefab
  artifactKey: Guid(16efa409f7809d6499a20bf293c5df05) Importer(815301076,1909f56bfc062723c751e8b465ee728b)
Start importing Assets/BrokenVector/LowPolyDungeon/Prefabs/Tiles/Door_Basement_Right.prefab using Guid(16efa409f7809d6499a20bf293c5df05) Importer(815301076,1909f56bfc062723c751e8b465ee728b)  -> (artifact id: 'e94cca226c928802acc84c35006ab482') in 0.012433 seconds 
========================================================================
Received Import Request.
  Time since last request: 31.814487 seconds.
  path: Assets/BrokenVector/LowPolyDungeon/Prefabs/Tiles/Door_Iron_Left.prefab
  artifactKey: Guid(03020aab9adeeb54f9194380cf49b4a7) Importer(815301076,1909f56bfc062723c751e8b465ee728b)
Start importing Assets/BrokenVector/LowPolyDungeon/Prefabs/Tiles/Door_Iron_Left.prefab using Guid(03020aab9adeeb54f9194380cf49b4a7) Importer(815301076,1909f56bfc062723c751e8b465ee728b)  -> (artifact id: '5e872ad55fb93432382bb76ee3850c87') in 0.014938 seconds 
========================================================================
Received Import Request.
  Time since last request: 0.461056 seconds.
  path: Assets/BrokenVector/LowPolyDungeon/Prefabs/Tiles/Door_Iron_Right.prefab
  artifactKey: Guid(e22e29840e07aca4693bb3288c909879) Importer(815301076,1909f56bfc062723c751e8b465ee728b)
Start importing Assets/BrokenVector/LowPolyDungeon/Prefabs/Tiles/Door_Iron_Right.prefab using Guid(e22e29840e07aca4693bb3288c909879) Importer(815301076,1909f56bfc062723c751e8b465ee728b)  -> (artifact id: '50f52630d7ae6f2267ab23ca5c153408') in 0.013507 seconds 
========================================================================
Received Import Request.
  Time since last request: 0.386696 seconds.
  path: Assets/BrokenVector/LowPolyDungeon/Prefabs/Tiles/Door_Wooden_Round_Left.prefab
  artifactKey: Guid(ba93fc15ee14dbf45b36696cb946115f) Importer(815301076,1909f56bfc062723c751e8b465ee728b)
Start importing Assets/BrokenVector/LowPolyDungeon/Prefabs/Tiles/Door_Wooden_Round_Left.prefab using Guid(ba93fc15ee14dbf45b36696cb946115f) Importer(815301076,1909f56bfc062723c751e8b465ee728b)  -> (artifact id: 'b7d361a9766910df733ed8edd6402eb1') in 0.011227 seconds 
========================================================================
Received Import Request.
  Time since last request: 0.315139 seconds.
  path: Assets/BrokenVector/LowPolyDungeon/Prefabs/Tiles/Door_Wooden_Round_Right.prefab
  artifactKey: Guid(15745f8b70e5d524183539fa272d90a3) Importer(815301076,1909f56bfc062723c751e8b465ee728b)
Start importing Assets/BrokenVector/LowPolyDungeon/Prefabs/Tiles/Door_Wooden_Round_Right.prefab using Guid(15745f8b70e5d524183539fa272d90a3) Importer(815301076,1909f56bfc062723c751e8b465ee728b)  -> (artifact id: 'e575422a1a87e706b2b4c8ea9a2ff1dc') in 0.012566 seconds 
========================================================================
Received Import Request.
  Time since last request: 0.303587 seconds.
  path: Assets/BrokenVector/LowPolyDungeon/Prefabs/Tiles/DoorGate_Wooden_Left.prefab
  artifactKey: Guid(f5e4cf5af47ee60418f92554c028a4ce) Importer(815301076,1909f56bfc062723c751e8b465ee728b)
Start importing Assets/BrokenVector/LowPolyDungeon/Prefabs/Tiles/DoorGate_Wooden_Left.prefab using Guid(f5e4cf5af47ee60418f92554c028a4ce) Importer(815301076,1909f56bfc062723c751e8b465ee728b)  -> (artifact id: 'a60a5f84269b30b363eb554bb2147234') in 0.011884 seconds 
========================================================================
Received Import Request.
  Time since last request: 0.267623 seconds.
  path: Assets/BrokenVector/LowPolyDungeon/Prefabs/Tiles/DoorGate_Wooden_Right.prefab
  artifactKey: Guid(b7ed1f58ec447ad4fb0c93a62eb4c4b6) Importer(815301076,1909f56bfc062723c751e8b465ee728b)
Start importing Assets/BrokenVector/LowPolyDungeon/Prefabs/Tiles/DoorGate_Wooden_Right.prefab using Guid(b7ed1f58ec447ad4fb0c93a62eb4c4b6) Importer(815301076,1909f56bfc062723c751e8b465ee728b)  -> (artifact id: '9fb488c22ba33316d4c31cf9f1f2cf0b') in 0.011757 seconds 
========================================================================
Received Import Request.
  Time since last request: 0.355161 seconds.
  path: Assets/BrokenVector/LowPolyDungeon/Prefabs/Tiles/Dungeon_Big_Passage.prefab
  artifactKey: Guid(b78909d98814b3d42aa488a008c30001) Importer(815301076,1909f56bfc062723c751e8b465ee728b)
Start importing Assets/BrokenVector/LowPolyDungeon/Prefabs/Tiles/Dungeon_Big_Passage.prefab using Guid(b78909d98814b3d42aa488a008c30001) Importer(815301076,1909f56bfc062723c751e8b465ee728b)  -> (artifact id: '7c06352411d6e26d86af38ed40f36456') in 0.011342 seconds 
========================================================================
Received Import Request.
  Time since last request: 0.431682 seconds.
  path: Assets/BrokenVector/LowPolyDungeon/Prefabs/Tiles/Dungeon_Big_to_Custom.prefab
  artifactKey: Guid(a8df3746f46c949429b741b6b3defcb3) Importer(815301076,1909f56bfc062723c751e8b465ee728b)
Start importing Assets/BrokenVector/LowPolyDungeon/Prefabs/Tiles/Dungeon_Big_to_Custom.prefab using Guid(a8df3746f46c949429b741b6b3defcb3) Importer(815301076,1909f56bfc062723c751e8b465ee728b)  -> (artifact id: '5fd5fec5c9efebc4231be9dd0c70c35f') in 0.010095 seconds 
========================================================================
Received Prepare
Registering precompiled user dll's ...
Registered in 0.003761 seconds.
Begin MonoManager ReloadAssembly
Symbol file LoadedFromMemory doesn't match image C:\MyFiles\Files\20210460 Noah\2_1\Unity\Unity_Second_Project_01\Library\PackageCache\com.unity.visualscripting@1.7.6\Editor\VisualScripting.Core\Dependencies\YamlDotNet\Unity.VisualScripting.YamlDotNet.dll
Symbol file LoadedFromMemory is not a mono symbol file
Symbol file LoadedFromMemory doesn't match image C:\MyFiles\Files\20210460 Noah\2_1\Unity\Unity_Second_Project_01\Library\PackageCache\com.unity.visualscripting@1.7.6\Editor\VisualScripting.Core\Dependencies\DotNetZip\Unity.VisualScripting.IonicZip.dll
Native extension for WindowsStandalone target not found
Native extension for Android target not found
Refreshing native plugins compatible for Editor in 0.64 ms, found 3 plugins.
Preloading 0 native plugins for Editor in 0.00 ms.
Mono: successfully reloaded assembly
- Completed reload, in  0.764 seconds
Domain Reload Profiling:
	ReloadAssembly (764ms)
		BeginReloadAssembly (114ms)
			ExecutionOrderSort (0ms)
			DisableScriptedObjects (4ms)
			BackupInstance (0ms)
			ReleaseScriptingObjects (0ms)
			CreateAndSetChildDomain (32ms)
		EndReloadAssembly (575ms)
			LoadAssemblies (66ms)
			RebuildTransferFunctionScriptingTraits (0ms)
			SetupTypeCache (194ms)
			ReleaseScriptCaches (1ms)
			RebuildScriptCaches (32ms)
			SetupLoadedEditorAssemblies (248ms)
				LogAssemblyErrors (0ms)
				InitializePlatformSupportModulesInManaged (18ms)
				SetLoadedEditorAssemblies (0ms)
				RefreshPlugins (1ms)
				BeforeProcessingInitializeOnLoad (55ms)
				ProcessInitializeOnLoadAttributes (149ms)
				ProcessInitializeOnLoadMethodAttributes (19ms)
				AfterProcessingInitializeOnLoad (6ms)
				EditorAssembliesLoaded (0ms)
			ExecutionOrderSort2 (0ms)
			AwakeInstancesAfterBackupRestoration (5ms)
Platform modules already initialized, skipping
Refreshing native plugins compatible for Editor in 1.74 ms, found 3 plugins.
Preloading 0 native plugins for Editor in 0.00 ms.
Unloading 3223 Unused Serialized files (Serialized files now loaded: 0)
Unloading 16 unused Assets / (79.4 KB). Loaded Objects now: 3702.
Memory consumption went from 117.1 MB to 117.1 MB.
Total: 3.023000 ms (FindLiveObjects: 0.221400 ms CreateObjectMapping: 0.168100 ms MarkObjects: 2.533000 ms  DeleteObjects: 0.098900 ms)

AssetImportParameters requested are different than current active one (requested -> active):
  custom:video-decoder-ogg-theora: a1e56fd34408186e4bbccfd4996cb3dc -> 
  custom:container-muxer-webm: aa71ff27fc2769a1b78a27578f13a17b -> 
  custom:container-demuxer-webm: 4f35f7cbe854078d1ac9338744f61a02 -> 
  custom:video-encoder-webm-vp8: eb34c28f22e8b96e1ab97ce403110664 -> 
  custom:audio-encoder-webm-vorbis: bf7c407c2cedff20999df2af8eb42d56 -> 
  custom:framework-win-MediaFoundation: 216162199b28c13a410421893ffa2e32 -> 
  custom:container-demuxer-ogg: 62fdf1f143b41e24485cea50d1cbac27 -> 
  custom:video-decoder-webm-vp8: 9c59270c3fd7afecdb556c50c9e8de78 -> 
  custom:audio-decoder-ogg-vorbis: bf7c407c2cedff20999df2af8eb42d56 -> 
========================================================================
Received Prepare
Registering precompiled user dll's ...
Registered in 0.004163 seconds.
Begin MonoManager ReloadAssembly
Symbol file LoadedFromMemory doesn't match image C:\MyFiles\Files\20210460 Noah\2_1\Unity\Unity_Second_Project_01\Library\PackageCache\com.unity.visualscripting@1.7.6\Editor\VisualScripting.Core\Dependencies\YamlDotNet\Unity.VisualScripting.YamlDotNet.dll
Symbol file LoadedFromMemory is not a mono symbol file
Symbol file LoadedFromMemory doesn't match image C:\MyFiles\Files\20210460 Noah\2_1\Unity\Unity_Second_Project_01\Library\PackageCache\com.unity.visualscripting@1.7.6\Editor\VisualScripting.Core\Dependencies\DotNetZip\Unity.VisualScripting.IonicZip.dll
Native extension for WindowsStandalone target not found
Native extension for Android target not found
Refreshing native plugins compatible for Editor in 0.64 ms, found 3 plugins.
Preloading 0 native plugins for Editor in 0.00 ms.
Mono: successfully reloaded assembly
- Completed reload, in  0.792 seconds
Domain Reload Profiling:
	ReloadAssembly (793ms)
		BeginReloadAssembly (110ms)
			ExecutionOrderSort (0ms)
			DisableScriptedObjects (4ms)
			BackupInstance (0ms)
			ReleaseScriptingObjects (0ms)
			CreateAndSetChildDomain (31ms)
		EndReloadAssembly (603ms)
			LoadAssemblies (66ms)
			RebuildTransferFunctionScriptingTraits (0ms)
			SetupTypeCache (192ms)
			ReleaseScriptCaches (1ms)
			RebuildScriptCaches (37ms)
			SetupLoadedEditorAssemblies (269ms)
				LogAssemblyErrors (0ms)
				InitializePlatformSupportModulesInManaged (18ms)
				SetLoadedEditorAssemblies (0ms)
				RefreshPlugins (1ms)
				BeforeProcessingInitializeOnLoad (55ms)
				ProcessInitializeOnLoadAttributes (162ms)
				ProcessInitializeOnLoadMethodAttributes (26ms)
				AfterProcessingInitializeOnLoad (6ms)
				EditorAssembliesLoaded (0ms)
			ExecutionOrderSort2 (0ms)
			AwakeInstancesAfterBackupRestoration (5ms)
Platform modules already initialized, skipping
Refreshing native plugins compatible for Editor in 1.88 ms, found 3 plugins.
Preloading 0 native plugins for Editor in 0.00 ms.
Unloading 3223 Unused Serialized files (Serialized files now loaded: 0)
Unloading 16 unused Assets / (79.4 KB). Loaded Objects now: 3705.
Memory consumption went from 117.1 MB to 117.1 MB.
Total: 3.344100 ms (FindLiveObjects: 0.239000 ms CreateObjectMapping: 0.217100 ms MarkObjects: 2.776000 ms  DeleteObjects: 0.110600 ms)

AssetImportParameters requested are different than current active one (requested -> active):
  custom:video-decoder-ogg-theora: a1e56fd34408186e4bbccfd4996cb3dc -> 
  custom:container-muxer-webm: aa71ff27fc2769a1b78a27578f13a17b -> 
  custom:container-demuxer-webm: 4f35f7cbe854078d1ac9338744f61a02 -> 
  custom:video-encoder-webm-vp8: eb34c28f22e8b96e1ab97ce403110664 -> 
  custom:audio-encoder-webm-vorbis: bf7c407c2cedff20999df2af8eb42d56 -> 
  custom:framework-win-MediaFoundation: 216162199b28c13a410421893ffa2e32 -> 
  custom:container-demuxer-ogg: 62fdf1f143b41e24485cea50d1cbac27 -> 
  custom:video-decoder-webm-vp8: 9c59270c3fd7afecdb556c50c9e8de78 -> 
  custom:audio-decoder-ogg-vorbis: bf7c407c2cedff20999df2af8eb42d56 -> 
========================================================================
Received Prepare
Registering precompiled user dll's ...
Registered in 0.003442 seconds.
Begin MonoManager ReloadAssembly
Symbol file LoadedFromMemory doesn't match image C:\MyFiles\Files\20210460 Noah\2_1\Unity\Unity_Second_Project_01\Library\PackageCache\com.unity.visualscripting@1.7.6\Editor\VisualScripting.Core\Dependencies\YamlDotNet\Unity.VisualScripting.YamlDotNet.dll
Symbol file LoadedFromMemory is not a mono symbol file
Symbol file LoadedFromMemory doesn't match image C:\MyFiles\Files\20210460 Noah\2_1\Unity\Unity_Second_Project_01\Library\PackageCache\com.unity.visualscripting@1.7.6\Editor\VisualScripting.Core\Dependencies\DotNetZip\Unity.VisualScripting.IonicZip.dll
Native extension for WindowsStandalone target not found
Native extension for Android target not found
Refreshing native plugins compatible for Editor in 0.67 ms, found 3 plugins.
Preloading 0 native plugins for Editor in 0.00 ms.
Mono: successfully reloaded assembly
- Completed reload, in  0.761 seconds
Domain Reload Profiling:
	ReloadAssembly (761ms)
		BeginReloadAssembly (108ms)
			ExecutionOrderSort (0ms)
			DisableScriptedObjects (4ms)
			BackupInstance (0ms)
			ReleaseScriptingObjects (0ms)
			CreateAndSetChildDomain (30ms)
		EndReloadAssembly (579ms)
			LoadAssemblies (66ms)
			RebuildTransferFunctionScriptingTraits (0ms)
			SetupTypeCache (197ms)
			ReleaseScriptCaches (1ms)
			RebuildScriptCaches (31ms)
			SetupLoadedEditorAssemblies (252ms)
				LogAssemblyErrors (0ms)
				InitializePlatformSupportModulesInManaged (17ms)
				SetLoadedEditorAssemblies (0ms)
				RefreshPlugins (1ms)
				BeforeProcessingInitializeOnLoad (54ms)
				ProcessInitializeOnLoadAttributes (149ms)
				ProcessInitializeOnLoadMethodAttributes (24ms)
				AfterProcessingInitializeOnLoad (6ms)
				EditorAssembliesLoaded (0ms)
			ExecutionOrderSort2 (0ms)
			AwakeInstancesAfterBackupRestoration (5ms)
Platform modules already initialized, skipping
Refreshing native plugins compatible for Editor in 1.73 ms, found 3 plugins.
Preloading 0 native plugins for Editor in 0.00 ms.
Unloading 3223 Unused Serialized files (Serialized files now loaded: 0)
Unloading 16 unused Assets / (79.6 KB). Loaded Objects now: 3708.
Memory consumption went from 117.2 MB to 117.1 MB.
Total: 2.966300 ms (FindLiveObjects: 0.319700 ms CreateObjectMapping: 0.208100 ms MarkObjects: 2.337200 ms  DeleteObjects: 0.100500 ms)

AssetImportParameters requested are different than current active one (requested -> active):
  custom:video-decoder-ogg-theora: a1e56fd34408186e4bbccfd4996cb3dc -> 
  custom:container-muxer-webm: aa71ff27fc2769a1b78a27578f13a17b -> 
  custom:container-demuxer-webm: 4f35f7cbe854078d1ac9338744f61a02 -> 
  custom:video-encoder-webm-vp8: eb34c28f22e8b96e1ab97ce403110664 -> 
  custom:audio-encoder-webm-vorbis: bf7c407c2cedff20999df2af8eb42d56 -> 
  custom:framework-win-MediaFoundation: 216162199b28c13a410421893ffa2e32 -> 
  custom:container-demuxer-ogg: 62fdf1f143b41e24485cea50d1cbac27 -> 
  custom:video-decoder-webm-vp8: 9c59270c3fd7afecdb556c50c9e8de78 -> 
  custom:audio-decoder-ogg-vorbis: bf7c407c2cedff20999df2af8eb42d56 -> 
========================================================================
Received Import Request.
  Time since last request: 2253.340715 seconds.
  path: Assets/BrokenVector/LowPolyDungeon/Demo Scenes/Dungeon_Stage 2.unity
  artifactKey: Guid(007ab85488ec037498675f901ddb4248) Importer(815301076,1909f56bfc062723c751e8b465ee728b)
Start importing Assets/BrokenVector/LowPolyDungeon/Demo Scenes/Dungeon_Stage 2.unity using Guid(007ab85488ec037498675f901ddb4248) Importer(815301076,1909f56bfc062723c751e8b465ee728b)  -> (artifact id: '143989566e96a74c96534ed0d6f741a6') in 0.012387 seconds 
========================================================================
Received Import Request.
  Time since last request: 0.505791 seconds.
  path: Assets/BrokenVector/LowPolyDungeon/Demo Scenes/Dungeon_Stage 2.unity
  artifactKey: Guid(007ab85488ec037498675f901ddb4248) Importer(815301076,1909f56bfc062723c751e8b465ee728b)
Start importing Assets/BrokenVector/LowPolyDungeon/Demo Scenes/Dungeon_Stage 2.unity using Guid(007ab85488ec037498675f901ddb4248) Importer(815301076,1909f56bfc062723c751e8b465ee728b)  -> (artifact id: '9d45834083898053d2e31e21dac37b50') in 0.001710 seconds 
========================================================================
Received Import Request.
  Time since last request: 0.804366 seconds.
  path: Assets/BrokenVector/LowPolyDungeon/Demo Scenes/Dungeon_Stage 3.unity
  artifactKey: Guid(ac45a0796b01b4746a32d4967e6406e8) Importer(815301076,1909f56bfc062723c751e8b465ee728b)
Start importing Assets/BrokenVector/LowPolyDungeon/Demo Scenes/Dungeon_Stage 3.unity using Guid(ac45a0796b01b4746a32d4967e6406e8) Importer(815301076,1909f56bfc062723c751e8b465ee728b)  -> (artifact id: 'c69613ce9b2d2461880bbc0c59de97d2') in 0.005496 seconds 
========================================================================
Received Import Request.
  Time since last request: 466.799892 seconds.
  path: Assets/BrokenVector/LowPolyDungeon/Prefabs/Tiles/Jail_Wall.prefab
  artifactKey: Guid(cc9f980ee3a12ab49af49ee894ebd89a) Importer(815301076,1909f56bfc062723c751e8b465ee728b)
Start importing Assets/BrokenVector/LowPolyDungeon/Prefabs/Tiles/Jail_Wall.prefab using Guid(cc9f980ee3a12ab49af49ee894ebd89a) Importer(815301076,1909f56bfc062723c751e8b465ee728b)  -> (artifact id: '75e8f0c40df08f0c5dbe76bb25a35e4d') in 0.064651 seconds 
========================================================================
Received Import Request.
  Time since last request: 0.873423 seconds.
  path: Assets/BrokenVector/LowPolyDungeon/Prefabs/Tiles/Pillar.prefab
  artifactKey: Guid(27f210ed52b6c0f409f410ac194d0a7c) Importer(815301076,1909f56bfc062723c751e8b465ee728b)
Start importing Assets/BrokenVector/LowPolyDungeon/Prefabs/Tiles/Pillar.prefab using Guid(27f210ed52b6c0f409f410ac194d0a7c) Importer(815301076,1909f56bfc062723c751e8b465ee728b)  -> (artifact id: 'cff53ff5f91de638cd5fab39c9828269') in 0.011965 seconds 
========================================================================
Received Import Request.
  Time since last request: 0.626703 seconds.
  path: Assets/BrokenVector/LowPolyDungeon/Prefabs/Tiles/Holefix_Double.prefab
  artifactKey: Guid(5e0793aa91d1c1248a76c8bb8a68d3ca) Importer(815301076,1909f56bfc062723c751e8b465ee728b)
Start importing Assets/BrokenVector/LowPolyDungeon/Prefabs/Tiles/Holefix_Double.prefab using Guid(5e0793aa91d1c1248a76c8bb8a68d3ca) Importer(815301076,1909f56bfc062723c751e8b465ee728b)  -> (artifact id: '7c25d60dffbf37e9eeccfeb3df31526e') in 0.013119 seconds 
========================================================================
Received Import Request.
  Time since last request: 0.599361 seconds.
  path: Assets/BrokenVector/LowPolyDungeon/Prefabs/Tiles/Hallway_toStaircase_Top.prefab
  artifactKey: Guid(e4c0e291a3f433742ac8bad5c45ba01c) Importer(815301076,1909f56bfc062723c751e8b465ee728b)
Start importing Assets/BrokenVector/LowPolyDungeon/Prefabs/Tiles/Hallway_toStaircase_Top.prefab using Guid(e4c0e291a3f433742ac8bad5c45ba01c) Importer(815301076,1909f56bfc062723c751e8b465ee728b)  -> (artifact id: '60eb20e28a5bcadff898f7333d1c12f7') in 0.011626 seconds 
========================================================================
Received Import Request.
  Time since last request: 0.351537 seconds.
  path: Assets/BrokenVector/LowPolyDungeon/Prefabs/Tiles/Hallway_toStaircase_Bottom.prefab
  artifactKey: Guid(d8442ff07dd71bb48be63de4bffeeb34) Importer(815301076,1909f56bfc062723c751e8b465ee728b)
Start importing Assets/BrokenVector/LowPolyDungeon/Prefabs/Tiles/Hallway_toStaircase_Bottom.prefab using Guid(d8442ff07dd71bb48be63de4bffeeb34) Importer(815301076,1909f56bfc062723c751e8b465ee728b)  -> (artifact id: '59ebfcfafd7180db6d81efc25fc5d2ef') in 0.011072 seconds 
========================================================================
Received Import Request.
  Time since last request: 0.160083 seconds.
  path: Assets/BrokenVector/LowPolyDungeon/Prefabs/Tiles/Hallway_TCrossing.prefab
  artifactKey: Guid(345c8a49d7186274cbb629bef82b473c) Importer(815301076,1909f56bfc062723c751e8b465ee728b)
Start importing Assets/BrokenVector/LowPolyDungeon/Prefabs/Tiles/Hallway_TCrossing.prefab using Guid(345c8a49d7186274cbb629bef82b473c) Importer(815301076,1909f56bfc062723c751e8b465ee728b)  -> (artifact id: '6e25505b358d0f6cd801e2678c72eae6') in 0.010835 seconds 
========================================================================
Received Import Request.
  Time since last request: 0.151207 seconds.
  path: Assets/BrokenVector/LowPolyDungeon/Prefabs/Tiles/Hallway_Quarter.prefab
  artifactKey: Guid(a85a6c2c6af086848b326146d8a3b6c2) Importer(815301076,1909f56bfc062723c751e8b465ee728b)
Start importing Assets/BrokenVector/LowPolyDungeon/Prefabs/Tiles/Hallway_Quarter.prefab using Guid(a85a6c2c6af086848b326146d8a3b6c2) Importer(815301076,1909f56bfc062723c751e8b465ee728b)  -> (artifact id: '9e50f0c4b0837e9eb44d62ef4279d0e0') in 0.011279 seconds 
========================================================================
Received Import Request.
  Time since last request: 0.140813 seconds.
  path: Assets/BrokenVector/LowPolyDungeon/Prefabs/Tiles/Hallway_Half.prefab
  artifactKey: Guid(a62753c87b044214ebd45797277f54ad) Importer(815301076,1909f56bfc062723c751e8b465ee728b)
Start importing Assets/BrokenVector/LowPolyDungeon/Prefabs/Tiles/Hallway_Half.prefab using Guid(a62753c87b044214ebd45797277f54ad) Importer(815301076,1909f56bfc062723c751e8b465ee728b)  -> (artifact id: 'ae7f64b19be66c56ea04938b2a4146c3') in 0.012025 seconds 
========================================================================
Received Import Request.
  Time since last request: 0.164595 seconds.
  path: Assets/BrokenVector/LowPolyDungeon/Prefabs/Tiles/Hallway_Full.prefab
  artifactKey: Guid(bd271741385672b478a33a0d372490ea) Importer(815301076,1909f56bfc062723c751e8b465ee728b)
Start importing Assets/BrokenVector/LowPolyDungeon/Prefabs/Tiles/Hallway_Full.prefab using Guid(bd271741385672b478a33a0d372490ea) Importer(815301076,1909f56bfc062723c751e8b465ee728b)  -> (artifact id: 'a56f5ebfc0e5934292bd8ff2acae0f84') in 0.012838 seconds 
========================================================================
Received Import Request.
  Time since last request: 0.153169 seconds.
  path: Assets/BrokenVector/LowPolyDungeon/Prefabs/Tiles/Hallway_Double.prefab
  artifactKey: Guid(7e2b134344aa7c0449b99d1a47be113a) Importer(815301076,1909f56bfc062723c751e8b465ee728b)
Start importing Assets/BrokenVector/LowPolyDungeon/Prefabs/Tiles/Hallway_Double.prefab using Guid(7e2b134344aa7c0449b99d1a47be113a) Importer(815301076,1909f56bfc062723c751e8b465ee728b)  -> (artifact id: '5f3d06e7f901f9f295a4fce0bdc9a189') in 0.012748 seconds 
========================================================================
Received Import Request.
  Time since last request: 0.144872 seconds.
  path: Assets/BrokenVector/LowPolyDungeon/Prefabs/Tiles/Hallway_Curve_Short.prefab
  artifactKey: Guid(ea89d7821ddb211478ce5ff6f3ea064d) Importer(815301076,1909f56bfc062723c751e8b465ee728b)
Start importing Assets/BrokenVector/LowPolyDungeon/Prefabs/Tiles/Hallway_Curve_Short.prefab using Guid(ea89d7821ddb211478ce5ff6f3ea064d) Importer(815301076,1909f56bfc062723c751e8b465ee728b)  -> (artifact id: 'b78e0e4cebe610aaeeff7b180d547987') in 0.011715 seconds 
========================================================================
Received Import Request.
  Time since last request: 0.161569 seconds.
  path: Assets/BrokenVector/LowPolyDungeon/Prefabs/Tiles/Hallway_Curve_Long.prefab
  artifactKey: Guid(7d0884ce5d5b49d499cfa0d0d9049a24) Importer(815301076,1909f56bfc062723c751e8b465ee728b)
Start importing Assets/BrokenVector/LowPolyDungeon/Prefabs/Tiles/Hallway_Curve_Long.prefab using Guid(7d0884ce5d5b49d499cfa0d0d9049a24) Importer(815301076,1909f56bfc062723c751e8b465ee728b)  -> (artifact id: '65ea7b923c5f72767bc0951a2c9bd138') in 0.010504 seconds 
========================================================================
Received Import Request.
  Time since last request: 0.144800 seconds.
  path: Assets/BrokenVector/LowPolyDungeon/Prefabs/Tiles/Hallway_Crossing.prefab
  artifactKey: Guid(d8a87367ce3dea34381d129ffade9174) Importer(815301076,1909f56bfc062723c751e8b465ee728b)
Start importing Assets/BrokenVector/LowPolyDungeon/Prefabs/Tiles/Hallway_Crossing.prefab using Guid(d8a87367ce3dea34381d129ffade9174) Importer(815301076,1909f56bfc062723c751e8b465ee728b)  -> (artifact id: 'e1911bcc3b2e0dc50ff232a715a4af85') in 0.011310 seconds 
========================================================================
Received Import Request.
  Time since last request: 0.164387 seconds.
  path: Assets/BrokenVector/LowPolyDungeon/Prefabs/Tiles/FloorTIle.prefab
  artifactKey: Guid(0d780173c250d334f80c9061373c8e4f) Importer(815301076,1909f56bfc062723c751e8b465ee728b)
Start importing Assets/BrokenVector/LowPolyDungeon/Prefabs/Tiles/FloorTIle.prefab using Guid(0d780173c250d334f80c9061373c8e4f) Importer(815301076,1909f56bfc062723c751e8b465ee728b)  -> (artifact id: '25fca641cdbf05fc0615edbcb0c5ef7f') in 0.011111 seconds 
========================================================================
Received Import Request.
  Time since last request: 0.155322 seconds.
  path: Assets/BrokenVector/LowPolyDungeon/Prefabs/Tiles/Dungeon_Wall_Window.prefab
  artifactKey: Guid(1c7f74f16e3c3bb49a9bed63da51a052) Importer(815301076,1909f56bfc062723c751e8b465ee728b)
Start importing Assets/BrokenVector/LowPolyDungeon/Prefabs/Tiles/Dungeon_Wall_Window.prefab using Guid(1c7f74f16e3c3bb49a9bed63da51a052) Importer(815301076,1909f56bfc062723c751e8b465ee728b)  -> (artifact id: 'd549b4eb5ac45f3f3718374050788a53') in 0.012194 seconds 
========================================================================
Received Import Request.
  Time since last request: 0.161857 seconds.
  path: Assets/BrokenVector/LowPolyDungeon/Prefabs/Tiles/Dungeon_Wall_Var3.prefab
  artifactKey: Guid(8cda7687928e5174ea2627e48a3c6d69) Importer(815301076,1909f56bfc062723c751e8b465ee728b)
Start importing Assets/BrokenVector/LowPolyDungeon/Prefabs/Tiles/Dungeon_Wall_Var3.prefab using Guid(8cda7687928e5174ea2627e48a3c6d69) Importer(815301076,1909f56bfc062723c751e8b465ee728b)  -> (artifact id: 'c70f959959e15bda92116665b9a85045') in 0.011730 seconds 
========================================================================
Received Import Request.
  Time since last request: 0.178014 seconds.
  path: Assets/BrokenVector/LowPolyDungeon/Prefabs/Tiles/Dungeon_Wall_Var2.prefab
  artifactKey: Guid(1696222c72e89ab4f9026119ef17826b) Importer(815301076,1909f56bfc062723c751e8b465ee728b)
Start importing Assets/BrokenVector/LowPolyDungeon/Prefabs/Tiles/Dungeon_Wall_Var2.prefab using Guid(1696222c72e89ab4f9026119ef17826b) Importer(815301076,1909f56bfc062723c751e8b465ee728b)  -> (artifact id: '0d5f46b5b39c569726452a0556abf0ac') in 0.011185 seconds 
========================================================================
Received Import Request.
  Time since last request: 0.176603 seconds.
  path: Assets/BrokenVector/LowPolyDungeon/Prefabs/Tiles/Dungeon_Wall_Var1.prefab
  artifactKey: Guid(5e10be2f5a748844dbd0b2b7e6fafd4a) Importer(815301076,1909f56bfc062723c751e8b465ee728b)
Start importing Assets/BrokenVector/LowPolyDungeon/Prefabs/Tiles/Dungeon_Wall_Var1.prefab using Guid(5e10be2f5a748844dbd0b2b7e6fafd4a) Importer(815301076,1909f56bfc062723c751e8b465ee728b)  -> (artifact id: 'd602f9f9049904627f205926f43aaeb6') in 0.011272 seconds 
========================================================================
Received Import Request.
  Time since last request: 0.160085 seconds.
  path: Assets/BrokenVector/LowPolyDungeon/Prefabs/Tiles/Dungeon_Straight_Half.prefab
  artifactKey: Guid(a0708bab0e06c414381a6861ecf05a38) Importer(815301076,1909f56bfc062723c751e8b465ee728b)
Start importing Assets/BrokenVector/LowPolyDungeon/Prefabs/Tiles/Dungeon_Straight_Half.prefab using Guid(a0708bab0e06c414381a6861ecf05a38) Importer(815301076,1909f56bfc062723c751e8b465ee728b)  -> (artifact id: 'cd731a3090cc0b077f8419491759911d') in 0.012188 seconds 
========================================================================
Received Import Request.
  Time since last request: 0.177384 seconds.
  path: Assets/BrokenVector/LowPolyDungeon/Prefabs/Tiles/Dungeon_Straight_14°.prefab
  artifactKey: Guid(6ed2c478f82171c4083dfd49cea2ac11) Importer(815301076,1909f56bfc062723c751e8b465ee728b)
Start importing Assets/BrokenVector/LowPolyDungeon/Prefabs/Tiles/Dungeon_Straight_14°.prefab using Guid(6ed2c478f82171c4083dfd49cea2ac11) Importer(815301076,1909f56bfc062723c751e8b465ee728b)  -> (artifact id: '1b7870b41b4badbc004c0c21e862c184') in 0.011805 seconds 
========================================================================
Received Import Request.
  Time since last request: 0.155090 seconds.
  path: Assets/BrokenVector/LowPolyDungeon/Prefabs/Tiles/Dungeon_Straight.prefab
  artifactKey: Guid(97a4b078c0091b947acd8736a2f47884) Importer(815301076,1909f56bfc062723c751e8b465ee728b)
Start importing Assets/BrokenVector/LowPolyDungeon/Prefabs/Tiles/Dungeon_Straight.prefab using Guid(97a4b078c0091b947acd8736a2f47884) Importer(815301076,1909f56bfc062723c751e8b465ee728b)  -> (artifact id: 'a1bf14375ccf0a7de8357623941ea707') in 0.011827 seconds 
========================================================================
Received Import Request.
  Time since last request: 0.173125 seconds.
  path: Assets/BrokenVector/LowPolyDungeon/Prefabs/Tiles/Dungeon_Passage_Wood.prefab
  artifactKey: Guid(398fe532ee92e2b478e8fd465e800786) Importer(815301076,1909f56bfc062723c751e8b465ee728b)
Start importing Assets/BrokenVector/LowPolyDungeon/Prefabs/Tiles/Dungeon_Passage_Wood.prefab using Guid(398fe532ee92e2b478e8fd465e800786) Importer(815301076,1909f56bfc062723c751e8b465ee728b)  -> (artifact id: '3dea55d64c750626fe776c0904064ac1') in 0.012019 seconds 
========================================================================
Received Import Request.
  Time since last request: 0.176838 seconds.
  path: Assets/BrokenVector/LowPolyDungeon/Prefabs/Tiles/Dungeon_Passage.prefab
  artifactKey: Guid(b89b3b3efb3070240952a3335d270247) Importer(815301076,1909f56bfc062723c751e8b465ee728b)
Start importing Assets/BrokenVector/LowPolyDungeon/Prefabs/Tiles/Dungeon_Passage.prefab using Guid(b89b3b3efb3070240952a3335d270247) Importer(815301076,1909f56bfc062723c751e8b465ee728b)  -> (artifact id: '6e0b34abb781514ff2b4e63148da5788') in 0.010391 seconds 
========================================================================
Received Import Request.
  Time since last request: 0.170003 seconds.
  path: Assets/BrokenVector/LowPolyDungeon/Prefabs/Tiles/Dungeon_Hall_Wall_Stairs_Right.prefab
  artifactKey: Guid(ed465ab6eaa568d4fa325d2c4ebf6436) Importer(815301076,1909f56bfc062723c751e8b465ee728b)
Start importing Assets/BrokenVector/LowPolyDungeon/Prefabs/Tiles/Dungeon_Hall_Wall_Stairs_Right.prefab using Guid(ed465ab6eaa568d4fa325d2c4ebf6436) Importer(815301076,1909f56bfc062723c751e8b465ee728b)  -> (artifact id: 'dd8c4db7d7d41305068dee7b7318adde') in 0.012083 seconds 
========================================================================
Received Import Request.
  Time since last request: 0.179749 seconds.
  path: Assets/BrokenVector/LowPolyDungeon/Prefabs/Tiles/Dungeon_Hall_Wall_Stairs_Left.prefab
  artifactKey: Guid(4896ba4e24abe11438ab4b34a382af54) Importer(815301076,1909f56bfc062723c751e8b465ee728b)
Start importing Assets/BrokenVector/LowPolyDungeon/Prefabs/Tiles/Dungeon_Hall_Wall_Stairs_Left.prefab using Guid(4896ba4e24abe11438ab4b34a382af54) Importer(815301076,1909f56bfc062723c751e8b465ee728b)  -> (artifact id: '5f7f57c85d2f978363f7a207c392b9d6') in 0.012252 seconds 
========================================================================
Received Import Request.
  Time since last request: 0.182011 seconds.
  path: Assets/BrokenVector/LowPolyDungeon/Prefabs/Tiles/Dungeon_Hall_Wall.prefab
  artifactKey: Guid(c7af5921109b94141afd37e9fdd75443) Importer(815301076,1909f56bfc062723c751e8b465ee728b)
Start importing Assets/BrokenVector/LowPolyDungeon/Prefabs/Tiles/Dungeon_Hall_Wall.prefab using Guid(c7af5921109b94141afd37e9fdd75443) Importer(815301076,1909f56bfc062723c751e8b465ee728b)  -> (artifact id: 'cb71551562804d0b3a589d429912fc01') in 0.010851 seconds 
========================================================================
Received Import Request.
  Time since last request: 0.186437 seconds.
  path: Assets/BrokenVector/LowPolyDungeon/Prefabs/Tiles/Dungeon_Hall_Corner_Inverted.prefab
  artifactKey: Guid(a08fc365a6eb3a4479ec69b573a6c7ad) Importer(815301076,1909f56bfc062723c751e8b465ee728b)
Start importing Assets/BrokenVector/LowPolyDungeon/Prefabs/Tiles/Dungeon_Hall_Corner_Inverted.prefab using Guid(a08fc365a6eb3a4479ec69b573a6c7ad) Importer(815301076,1909f56bfc062723c751e8b465ee728b)  -> (artifact id: 'fbfa97950deb60913ee354cbdee432f5') in 0.012233 seconds 
========================================================================
Received Import Request.
  Time since last request: 0.177445 seconds.
  path: Assets/BrokenVector/LowPolyDungeon/Prefabs/Tiles/Dungeon_Hall_Corner.prefab
  artifactKey: Guid(d468aca3a4ae71b46a917597c89e70ac) Importer(815301076,1909f56bfc062723c751e8b465ee728b)
Start importing Assets/BrokenVector/LowPolyDungeon/Prefabs/Tiles/Dungeon_Hall_Corner.prefab using Guid(d468aca3a4ae71b46a917597c89e70ac) Importer(815301076,1909f56bfc062723c751e8b465ee728b)  -> (artifact id: 'e3c28c3b63212eb445f0b3e9b30b18a8') in 0.011319 seconds 
========================================================================
Received Import Request.
  Time since last request: 0.425940 seconds.
  path: Assets/BrokenVector/LowPolyDungeon/Prefabs/Tiles/Dungeon_Hall_Center_Stairs.prefab
  artifactKey: Guid(f4372e02dd0e54440977f29b6a4c317b) Importer(815301076,1909f56bfc062723c751e8b465ee728b)
Start importing Assets/BrokenVector/LowPolyDungeon/Prefabs/Tiles/Dungeon_Hall_Center_Stairs.prefab using Guid(f4372e02dd0e54440977f29b6a4c317b) Importer(815301076,1909f56bfc062723c751e8b465ee728b)  -> (artifact id: '3c016628adbe9bf6bd5e40a2e9aaa07b') in 0.012611 seconds 
========================================================================
Received Import Request.
  Time since last request: 0.206762 seconds.
  path: Assets/BrokenVector/LowPolyDungeon/Prefabs/Tiles/Dungeon_Hall_Center.prefab
  artifactKey: Guid(ad723011623795149ab723c33c434c37) Importer(815301076,1909f56bfc062723c751e8b465ee728b)
Start importing Assets/BrokenVector/LowPolyDungeon/Prefabs/Tiles/Dungeon_Hall_Center.prefab using Guid(ad723011623795149ab723c33c434c37) Importer(815301076,1909f56bfc062723c751e8b465ee728b)  -> (artifact id: 'fe7c7e4ae3b29c6b965056fb0f1497df') in 0.010514 seconds 
========================================================================
Received Import Request.
  Time since last request: 0.186937 seconds.
  path: Assets/BrokenVector/LowPolyDungeon/Prefabs/Tiles/Dungeon_Custom_Corner_Inverted.prefab
  artifactKey: Guid(867c307861a2f9244bc4a3434c515f1c) Importer(815301076,1909f56bfc062723c751e8b465ee728b)
Start importing Assets/BrokenVector/LowPolyDungeon/Prefabs/Tiles/Dungeon_Custom_Corner_Inverted.prefab using Guid(867c307861a2f9244bc4a3434c515f1c) Importer(815301076,1909f56bfc062723c751e8b465ee728b)  -> (artifact id: '60b6f05fd34dc64eeb024fb4d0845bc2') in 0.011118 seconds 
========================================================================
Received Import Request.
  Time since last request: 0.174618 seconds.
  path: Assets/BrokenVector/LowPolyDungeon/Prefabs/Tiles/Dungeon_Custom_Corner_Flat.prefab
  artifactKey: Guid(5ae2b4c7b8cea2f45a6dcfa4fa52fe95) Importer(815301076,1909f56bfc062723c751e8b465ee728b)
Start importing Assets/BrokenVector/LowPolyDungeon/Prefabs/Tiles/Dungeon_Custom_Corner_Flat.prefab using Guid(5ae2b4c7b8cea2f45a6dcfa4fa52fe95) Importer(815301076,1909f56bfc062723c751e8b465ee728b)  -> (artifact id: 'c69ee2e3d27058aee4106101c8df53f1') in 0.011180 seconds 
========================================================================
Received Import Request.
  Time since last request: 0.179581 seconds.
  path: Assets/BrokenVector/LowPolyDungeon/Prefabs/Tiles/Dungeon_Custom_Corner_Arched.prefab
  artifactKey: Guid(da9803df239bac641a76405e07eaaa8d) Importer(815301076,1909f56bfc062723c751e8b465ee728b)
Start importing Assets/BrokenVector/LowPolyDungeon/Prefabs/Tiles/Dungeon_Custom_Corner_Arched.prefab using Guid(da9803df239bac641a76405e07eaaa8d) Importer(815301076,1909f56bfc062723c751e8b465ee728b)  -> (artifact id: 'eb9a4849b2d4731f3c8a7e4fa9b0f500') in 0.012070 seconds 
========================================================================
Received Import Request.
  Time since last request: 0.171101 seconds.
  path: Assets/BrokenVector/LowPolyDungeon/Prefabs/Tiles/Dungeon_Custom_Center.prefab
  artifactKey: Guid(5c582aa33048aaa428a9e969723d47dc) Importer(815301076,1909f56bfc062723c751e8b465ee728b)
Start importing Assets/BrokenVector/LowPolyDungeon/Prefabs/Tiles/Dungeon_Custom_Center.prefab using Guid(5c582aa33048aaa428a9e969723d47dc) Importer(815301076,1909f56bfc062723c751e8b465ee728b)  -> (artifact id: '7dd090a5e7b4d2bf870f96ac9c6db050') in 0.013562 seconds 
========================================================================
Received Import Request.
  Time since last request: 0.159630 seconds.
  path: Assets/BrokenVector/LowPolyDungeon/Prefabs/Tiles/Dungeon_Custom_Border_Flat.prefab
  artifactKey: Guid(672e720ef69a65b44a71577cd7cc26ed) Importer(815301076,1909f56bfc062723c751e8b465ee728b)
Start importing Assets/BrokenVector/LowPolyDungeon/Prefabs/Tiles/Dungeon_Custom_Border_Flat.prefab using Guid(672e720ef69a65b44a71577cd7cc26ed) Importer(815301076,1909f56bfc062723c751e8b465ee728b)  -> (artifact id: 'b7e0d8f46f52dafe565058d31c16d670') in 0.010607 seconds 
========================================================================
Received Import Request.
  Time since last request: 0.168491 seconds.
  path: Assets/BrokenVector/LowPolyDungeon/Prefabs/Tiles/Dungeon_Custom_Border_Arched.prefab
  artifactKey: Guid(2f2ff5c103656c94ca51d5bbd62d1ca9) Importer(815301076,1909f56bfc062723c751e8b465ee728b)
Start importing Assets/BrokenVector/LowPolyDungeon/Prefabs/Tiles/Dungeon_Custom_Border_Arched.prefab using Guid(2f2ff5c103656c94ca51d5bbd62d1ca9) Importer(815301076,1909f56bfc062723c751e8b465ee728b)  -> (artifact id: '616539301c86429fea018d77785ef04c') in 0.011682 seconds 
========================================================================
Received Import Request.
  Time since last request: 0.160634 seconds.
  path: Assets/BrokenVector/LowPolyDungeon/Prefabs/Tiles/Dungeon_CornerCrossing.prefab
  artifactKey: Guid(dd7a26e18353799418d77212cc3275fe) Importer(815301076,1909f56bfc062723c751e8b465ee728b)
Start importing Assets/BrokenVector/LowPolyDungeon/Prefabs/Tiles/Dungeon_CornerCrossing.prefab using Guid(dd7a26e18353799418d77212cc3275fe) Importer(815301076,1909f56bfc062723c751e8b465ee728b)  -> (artifact id: '9cd30095b1ef2d9fb11a97609b89e5eb') in 0.012062 seconds 
========================================================================
Received Import Request.
  Time since last request: 0.170284 seconds.
  path: Assets/BrokenVector/LowPolyDungeon/Prefabs/Tiles/Dungeon_Big_Window.prefab
  artifactKey: Guid(e1b562557332b084b8dbc191884e6f92) Importer(815301076,1909f56bfc062723c751e8b465ee728b)
Start importing Assets/BrokenVector/LowPolyDungeon/Prefabs/Tiles/Dungeon_Big_Window.prefab using Guid(e1b562557332b084b8dbc191884e6f92) Importer(815301076,1909f56bfc062723c751e8b465ee728b)  -> (artifact id: '0616c7a89f889d1815db471716326919') in 0.012275 seconds 
========================================================================
Received Import Request.
  Time since last request: 0.158551 seconds.
  path: Assets/BrokenVector/LowPolyDungeon/Prefabs/Tiles/Dungeon_Big_Wall.prefab
  artifactKey: Guid(3ef94e73d5607784fbcbba8de4155b1e) Importer(815301076,1909f56bfc062723c751e8b465ee728b)
Start importing Assets/BrokenVector/LowPolyDungeon/Prefabs/Tiles/Dungeon_Big_Wall.prefab using Guid(3ef94e73d5607784fbcbba8de4155b1e) Importer(815301076,1909f56bfc062723c751e8b465ee728b)  -> (artifact id: '53e47ab0d38e838174ad0c3c92406a12') in 0.011951 seconds 
========================================================================
Received Import Request.
  Time since last request: 0.524405 seconds.
  path: Assets/BrokenVector/LowPolyDungeon/Prefabs/Tiles/Dungeon_Big.prefab
  artifactKey: Guid(6cb084713de342d4d94969b0f4ad068f) Importer(815301076,1909f56bfc062723c751e8b465ee728b)
Start importing Assets/BrokenVector/LowPolyDungeon/Prefabs/Tiles/Dungeon_Big.prefab using Guid(6cb084713de342d4d94969b0f4ad068f) Importer(815301076,1909f56bfc062723c751e8b465ee728b)  -> (artifact id: '797666502cd59be9672d8de023faf579') in 0.011840 seconds 
========================================================================
Received Import Request.
  Time since last request: 4.709021 seconds.
  path: Assets/BrokenVector/LowPolyDungeon/Prefabs/Tiles/HoleFix_Half.prefab
  artifactKey: Guid(4cd248ecb5dd495468c0a783da4a4ae9) Importer(815301076,1909f56bfc062723c751e8b465ee728b)
Start importing Assets/BrokenVector/LowPolyDungeon/Prefabs/Tiles/HoleFix_Half.prefab using Guid(4cd248ecb5dd495468c0a783da4a4ae9) Importer(815301076,1909f56bfc062723c751e8b465ee728b)  -> (artifact id: 'b1f0c854f13e4ac25c97f36de893872a') in 0.012349 seconds 
========================================================================
Received Import Request.
  Time since last request: 0.040934 seconds.
  path: Assets/BrokenVector/LowPolyDungeon/Prefabs/Tiles/Holefix_Single.prefab
  artifactKey: Guid(192d681e9fa59ee41a375fd1339fa347) Importer(815301076,1909f56bfc062723c751e8b465ee728b)
Start importing Assets/BrokenVector/LowPolyDungeon/Prefabs/Tiles/Holefix_Single.prefab using Guid(192d681e9fa59ee41a375fd1339fa347) Importer(815301076,1909f56bfc062723c751e8b465ee728b)  -> (artifact id: '111eab4594110d74ca1a09282ba8e5ae') in 0.012172 seconds 
========================================================================
Received Import Request.
  Time since last request: 0.045825 seconds.
  path: Assets/BrokenVector/LowPolyDungeon/Prefabs/Tiles/Jail_Door_Left.prefab
  artifactKey: Guid(c18611346c4c58945a94163404f2e1e2) Importer(815301076,1909f56bfc062723c751e8b465ee728b)
Start importing Assets/BrokenVector/LowPolyDungeon/Prefabs/Tiles/Jail_Door_Left.prefab using Guid(c18611346c4c58945a94163404f2e1e2) Importer(815301076,1909f56bfc062723c751e8b465ee728b)  -> (artifact id: '344fb07e3ccd3715da26c57e0dd9f5e0') in 0.010356 seconds 
========================================================================
Received Import Request.
  Time since last request: 0.043051 seconds.
  path: Assets/BrokenVector/LowPolyDungeon/Prefabs/Tiles/Jail_Door_Right.prefab
  artifactKey: Guid(8b2ac275d28767a4bbd00fec5cb82b8b) Importer(815301076,1909f56bfc062723c751e8b465ee728b)
Start importing Assets/BrokenVector/LowPolyDungeon/Prefabs/Tiles/Jail_Door_Right.prefab using Guid(8b2ac275d28767a4bbd00fec5cb82b8b) Importer(815301076,1909f56bfc062723c751e8b465ee728b)  -> (artifact id: 'a5e585d93372a81413d5ff7cd3727f76') in 0.010370 seconds 
========================================================================
Received Import Request.
  Time since last request: 0.046256 seconds.
  path: Assets/BrokenVector/LowPolyDungeon/Prefabs/Tiles/Jail_Gate.prefab
  artifactKey: Guid(74306c807f3830a4a8f1c245e9549c6c) Importer(815301076,1909f56bfc062723c751e8b465ee728b)
Start importing Assets/BrokenVector/LowPolyDungeon/Prefabs/Tiles/Jail_Gate.prefab using Guid(74306c807f3830a4a8f1c245e9549c6c) Importer(815301076,1909f56bfc062723c751e8b465ee728b)  -> (artifact id: 'd6cba9fe245f4d080d4c8b4647b5d35e') in 0.011909 seconds 
========================================================================
Received Import Request.
  Time since last request: 0.090568 seconds.
  path: Assets/BrokenVector/LowPolyDungeon/Prefabs/Tiles/Jail_Wall_broken.prefab
  artifactKey: Guid(e28b34a491d1b964a8f7abc908c7db72) Importer(815301076,1909f56bfc062723c751e8b465ee728b)
Start importing Assets/BrokenVector/LowPolyDungeon/Prefabs/Tiles/Jail_Wall_broken.prefab using Guid(e28b34a491d1b964a8f7abc908c7db72) Importer(815301076,1909f56bfc062723c751e8b465ee728b)  -> (artifact id: 'df8f00d04baf67a66231b5a9ec7b4777') in 0.011361 seconds 
========================================================================
Received Import Request.
  Time since last request: 0.095570 seconds.
  path: Assets/BrokenVector/LowPolyDungeon/Prefabs/Tiles/Portcullis_Metal.prefab
  artifactKey: Guid(2bde22b421d566c4d8da5d70dd666204) Importer(815301076,1909f56bfc062723c751e8b465ee728b)
Start importing Assets/BrokenVector/LowPolyDungeon/Prefabs/Tiles/Portcullis_Metal.prefab using Guid(2bde22b421d566c4d8da5d70dd666204) Importer(815301076,1909f56bfc062723c751e8b465ee728b)  -> (artifact id: 'f31c3063610e6fc5454742c3c67348c4') in 0.011984 seconds 
========================================================================
Received Import Request.
  Time since last request: 0.044021 seconds.
  path: Assets/BrokenVector/LowPolyDungeon/Prefabs/Tiles/Portcullis_Wood.prefab
  artifactKey: Guid(da389f98d36554042874cf88abbff5ef) Importer(815301076,1909f56bfc062723c751e8b465ee728b)
Start importing Assets/BrokenVector/LowPolyDungeon/Prefabs/Tiles/Portcullis_Wood.prefab using Guid(da389f98d36554042874cf88abbff5ef) Importer(815301076,1909f56bfc062723c751e8b465ee728b)  -> (artifact id: '749321d732e7aa6f46391b71a894eda6') in 0.012208 seconds 
========================================================================
Received Import Request.
  Time since last request: 0.055501 seconds.
  path: Assets/BrokenVector/LowPolyDungeon/Prefabs/Tiles/Staircase with Walls.prefab
  artifactKey: Guid(ffbae557e4ef8ad42ac5985991a85b22) Importer(815301076,1909f56bfc062723c751e8b465ee728b)
Start importing Assets/BrokenVector/LowPolyDungeon/Prefabs/Tiles/Staircase with Walls.prefab using Guid(ffbae557e4ef8ad42ac5985991a85b22) Importer(815301076,1909f56bfc062723c751e8b465ee728b)  -> (artifact id: 'e2fe413426133577ae33c9da043f9a1b') in 0.018108 seconds 
========================================================================
Received Import Request.
  Time since last request: 0.045913 seconds.
  path: Assets/BrokenVector/LowPolyDungeon/Prefabs/Tiles/Staircase.prefab
  artifactKey: Guid(fe920f08a7bd91440b54ef922f9bf5b5) Importer(815301076,1909f56bfc062723c751e8b465ee728b)
Start importing Assets/BrokenVector/LowPolyDungeon/Prefabs/Tiles/Staircase.prefab using Guid(fe920f08a7bd91440b54ef922f9bf5b5) Importer(815301076,1909f56bfc062723c751e8b465ee728b)  -> (artifact id: '7a439674bc2ad16ba809d2c3e8f7414f') in 0.012600 seconds 
========================================================================
Received Import Request.
  Time since last request: 0.047406 seconds.
  path: Assets/BrokenVector/LowPolyDungeon/Prefabs/Tiles/Stairs_High.prefab
  artifactKey: Guid(1e5e6584f4b365c49a0edc23ccafc87b) Importer(815301076,1909f56bfc062723c751e8b465ee728b)
Start importing Assets/BrokenVector/LowPolyDungeon/Prefabs/Tiles/Stairs_High.prefab using Guid(1e5e6584f4b365c49a0edc23ccafc87b) Importer(815301076,1909f56bfc062723c751e8b465ee728b)  -> (artifact id: '1dc12ab80299189b10e860ad5becc3f0') in 0.011366 seconds 
========================================================================
Received Import Request.
  Time since last request: 0.047753 seconds.
  path: Assets/BrokenVector/LowPolyDungeon/Prefabs/Tiles/Stairs_Low.prefab
  artifactKey: Guid(01758e662295c9347b35b7bdee71f5b4) Importer(815301076,1909f56bfc062723c751e8b465ee728b)
Start importing Assets/BrokenVector/LowPolyDungeon/Prefabs/Tiles/Stairs_Low.prefab using Guid(01758e662295c9347b35b7bdee71f5b4) Importer(815301076,1909f56bfc062723c751e8b465ee728b)  -> (artifact id: '703ead32a7cd0e8e88625a769020f2a4') in 0.011059 seconds 
========================================================================
Received Import Request.
  Time since last request: 0.048212 seconds.
  path: Assets/BrokenVector/LowPolyDungeon/Prefabs/Tiles/Stairs_Platform.prefab
  artifactKey: Guid(9d3c6113164fd3b488040a35893b058c) Importer(815301076,1909f56bfc062723c751e8b465ee728b)
Start importing Assets/BrokenVector/LowPolyDungeon/Prefabs/Tiles/Stairs_Platform.prefab using Guid(9d3c6113164fd3b488040a35893b058c) Importer(815301076,1909f56bfc062723c751e8b465ee728b)  -> (artifact id: '5b85e70d34d024000b0245867306d575') in 0.011012 seconds 
========================================================================
Received Import Request.
  Time since last request: 0.045668 seconds.
  path: Assets/BrokenVector/LowPolyDungeon/Prefabs/Tiles/Steps_Small.prefab
  artifactKey: Guid(bca29393fb49e1e4d862950ab1749426) Importer(815301076,1909f56bfc062723c751e8b465ee728b)
Start importing Assets/BrokenVector/LowPolyDungeon/Prefabs/Tiles/Steps_Small.prefab using Guid(bca29393fb49e1e4d862950ab1749426) Importer(815301076,1909f56bfc062723c751e8b465ee728b)  -> (artifact id: 'cf84d351e439c28dc3c9c4047a7b1161') in 0.011193 seconds 
========================================================================
Received Import Request.
  Time since last request: 0.036856 seconds.
  path: Assets/Scenes
  artifactKey: Guid(6ea315d0fd7389c41b19996891e99ae3) Importer(815301076,1909f56bfc062723c751e8b465ee728b)
Start importing Assets/Scenes using Guid(6ea315d0fd7389c41b19996891e99ae3) Importer(815301076,1909f56bfc062723c751e8b465ee728b)  -> (artifact id: 'b8193726cff86800c54781cdc6d54904') in 0.005065 seconds 
========================================================================
Received Import Request.
  Time since last request: 8.879462 seconds.
  path: Assets/BrokenVector/LowPolyDungeon/Prefabs/Tiles/Basement_Wall_Var1.prefab
  artifactKey: Guid(e52fa0ab130d63b42bcdd15456a87141) Importer(815301076,1909f56bfc062723c751e8b465ee728b)
Start importing Assets/BrokenVector/LowPolyDungeon/Prefabs/Tiles/Basement_Wall_Var1.prefab using Guid(e52fa0ab130d63b42bcdd15456a87141) Importer(815301076,1909f56bfc062723c751e8b465ee728b)  -> (artifact id: '98d4f478d0f09cac1147fa327399d2d3') in 0.011501 seconds 
========================================================================
Received Import Request.
  Time since last request: 0.180321 seconds.
  path: Assets/BrokenVector/LowPolyDungeon/Prefabs/Tiles/Basement_Var2.prefab
  artifactKey: Guid(685a0a8fbafab03459cffd23ffacc28c) Importer(815301076,1909f56bfc062723c751e8b465ee728b)
Start importing Assets/BrokenVector/LowPolyDungeon/Prefabs/Tiles/Basement_Var2.prefab using Guid(685a0a8fbafab03459cffd23ffacc28c) Importer(815301076,1909f56bfc062723c751e8b465ee728b)  -> (artifact id: 'a2985386a9cbc637e4375f4d0e06f414') in 0.013415 seconds 
========================================================================
Received Import Request.
  Time since last request: 0.053084 seconds.
  path: Assets/BrokenVector/LowPolyDungeon/Prefabs/Tiles/Basement_Var1.prefab
  artifactKey: Guid(7b9bd4ff48795cf42b9f4a6c3b8a49c1) Importer(815301076,1909f56bfc062723c751e8b465ee728b)
Start importing Assets/BrokenVector/LowPolyDungeon/Prefabs/Tiles/Basement_Var1.prefab using Guid(7b9bd4ff48795cf42b9f4a6c3b8a49c1) Importer(815301076,1909f56bfc062723c751e8b465ee728b)  -> (artifact id: '73cf3563addeb491bb7e8f3af13291bd') in 0.014073 seconds 
========================================================================
Received Import Request.
  Time since last request: 0.179688 seconds.
  path: Assets/BrokenVector/LowPolyDungeon/Prefabs/Tiles/Balcony_Railing.prefab
  artifactKey: Guid(112473a489e4f4e47b0127b8a56f8582) Importer(815301076,1909f56bfc062723c751e8b465ee728b)
Start importing Assets/BrokenVector/LowPolyDungeon/Prefabs/Tiles/Balcony_Railing.prefab using Guid(112473a489e4f4e47b0127b8a56f8582) Importer(815301076,1909f56bfc062723c751e8b465ee728b)  -> (artifact id: 'd2080ea100a0f51314bd706c014aadbb') in 0.011475 seconds 
========================================================================
Received Import Request.
  Time since last request: 0.142244 seconds.
  path: Assets/BrokenVector/LowPolyDungeon/Prefabs/Tiles
  artifactKey: Guid(0cde60a3546f51d41bdd7bf4a9dc8cb5) Importer(815301076,1909f56bfc062723c751e8b465ee728b)
Start importing Assets/BrokenVector/LowPolyDungeon/Prefabs/Tiles using Guid(0cde60a3546f51d41bdd7bf4a9dc8cb5) Importer(815301076,1909f56bfc062723c751e8b465ee728b)  -> (artifact id: '5dcce4ae3ca5a5ede40a51940a2bfd34') in 0.005173 seconds 
========================================================================
Received Import Request.
  Time since last request: 0.026371 seconds.
  path: Assets/BrokenVector/LowPolyDungeon/Prefabs/Lamps
  artifactKey: Guid(9751875b842089e46a0c3e5572f5bad1) Importer(815301076,1909f56bfc062723c751e8b465ee728b)
Start importing Assets/BrokenVector/LowPolyDungeon/Prefabs/Lamps using Guid(9751875b842089e46a0c3e5572f5bad1) Importer(815301076,1909f56bfc062723c751e8b465ee728b)  -> (artifact id: '52886044c54c1b1e76b302091a84c187') in 0.004956 seconds 
========================================================================
Received Import Request.
  Time since last request: 0.027858 seconds.
  path: Assets/BrokenVector/LowPolyDungeon/Prefabs/Furniture
  artifactKey: Guid(f8259728d0016d047b2343f6c0198882) Importer(815301076,1909f56bfc062723c751e8b465ee728b)
Start importing Assets/BrokenVector/LowPolyDungeon/Prefabs/Furniture using Guid(f8259728d0016d047b2343f6c0198882) Importer(815301076,1909f56bfc062723c751e8b465ee728b)  -> (artifact id: 'f81fc332f45f7c6a489fe80e513a2e6d') in 0.004913 seconds 
========================================================================
Received Import Request.
  Time since last request: 0.028501 seconds.
  path: Assets/BrokenVector/LowPolyDungeon/Prefabs/Clutter
  artifactKey: Guid(1c6941bad723e984dba9697665c5e1b0) Importer(815301076,1909f56bfc062723c751e8b465ee728b)
Start importing Assets/BrokenVector/LowPolyDungeon/Prefabs/Clutter using Guid(1c6941bad723e984dba9697665c5e1b0) Importer(815301076,1909f56bfc062723c751e8b465ee728b)  -> (artifact id: '3c7094b1caa67706932ded4290ae6cb7') in 0.005816 seconds 
========================================================================
Received Import Request.
  Time since last request: 0.028694 seconds.
  path: Assets/BrokenVector/LowPolyDungeon/Prefabs
  artifactKey: Guid(739cb2b891d777d4381761a57c0e04f0) Importer(815301076,1909f56bfc062723c751e8b465ee728b)
Start importing Assets/BrokenVector/LowPolyDungeon/Prefabs using Guid(739cb2b891d777d4381761a57c0e04f0) Importer(815301076,1909f56bfc062723c751e8b465ee728b)  -> (artifact id: '2e9dfdf4707c4043d4bd7668cfea266f') in 0.004961 seconds 
========================================================================
Received Import Request.
  Time since last request: 0.026885 seconds.
  path: Assets/BrokenVector/LowPolyDungeon/Models
  artifactKey: Guid(7ce3730c24da2af4690c07144e2e819e) Importer(815301076,1909f56bfc062723c751e8b465ee728b)
Start importing Assets/BrokenVector/LowPolyDungeon/Models using Guid(7ce3730c24da2af4690c07144e2e819e) Importer(815301076,1909f56bfc062723c751e8b465ee728b)  -> (artifact id: '860ceefbb2e182c8a4947b791f1026eb') in 0.005101 seconds 
========================================================================
Received Import Request.
  Time since last request: 0.024330 seconds.
  path: Assets/BrokenVector/LowPolyDungeon/Materials
  artifactKey: Guid(47889772f1912bf4e8bfcb6805c8d5df) Importer(815301076,1909f56bfc062723c751e8b465ee728b)
Start importing Assets/BrokenVector/LowPolyDungeon/Materials using Guid(47889772f1912bf4e8bfcb6805c8d5df) Importer(815301076,1909f56bfc062723c751e8b465ee728b)  -> (artifact id: 'bfce8f15af1eff055bb6b039e53115f6') in 0.004571 seconds 
========================================================================
Received Import Request.
  Time since last request: 0.029223 seconds.
  path: Assets/BrokenVector/LowPolyDungeon/Demo Scenes/ScreenshotMaker.cs
  artifactKey: Guid(84271128a230d244194f1f382c0ec0c5) Importer(815301076,1909f56bfc062723c751e8b465ee728b)
Start importing Assets/BrokenVector/LowPolyDungeon/Demo Scenes/ScreenshotMaker.cs using Guid(84271128a230d244194f1f382c0ec0c5) Importer(815301076,1909f56bfc062723c751e8b465ee728b)  -> (artifact id: 'f8c290576e8d48e118210d78e0a35dc6') in 0.010807 seconds 
========================================================================
Received Import Request.
  Time since last request: 0.026668 seconds.
  path: Assets/BrokenVector/LowPolyDungeon/Demo Scenes/PlayerMovement.cs
  artifactKey: Guid(e478c0cc6d326d0428f3ef40bdce5aca) Importer(815301076,1909f56bfc062723c751e8b465ee728b)
Start importing Assets/BrokenVector/LowPolyDungeon/Demo Scenes/PlayerMovement.cs using Guid(e478c0cc6d326d0428f3ef40bdce5aca) Importer(815301076,1909f56bfc062723c751e8b465ee728b)  -> (artifact id: 'ccee3a36662ee3f322c5950a1f4a3b02') in 0.004681 seconds 
========================================================================
Received Import Request.
  Time since last request: 0.035386 seconds.
  path: Assets/BrokenVector/LowPolyDungeon/Demo Scenes/Player.prefab
  artifactKey: Guid(9dd8a3227dc0aa84099496d08718ad7b) Importer(815301076,1909f56bfc062723c751e8b465ee728b)
Start importing Assets/BrokenVector/LowPolyDungeon/Demo Scenes/Player.prefab using Guid(9dd8a3227dc0aa84099496d08718ad7b) Importer(815301076,1909f56bfc062723c751e8b465ee728b)  -> (artifact id: '62dddf63bfe7e2f2fb5781ead6a6bcdd') in 0.011958 seconds 
========================================================================
Received Import Request.
  Time since last request: 0.030688 seconds.
  path: Assets/BrokenVector/LowPolyDungeon/Demo Scenes/MouseCamLook.cs
  artifactKey: Guid(544fb994b587757419aad57fa3261472) Importer(815301076,1909f56bfc062723c751e8b465ee728b)
Start importing Assets/BrokenVector/LowPolyDungeon/Demo Scenes/MouseCamLook.cs using Guid(544fb994b587757419aad57fa3261472) Importer(815301076,1909f56bfc062723c751e8b465ee728b)  -> (artifact id: 'd44f932afa1797bce2544d69e358d99a') in 0.005538 seconds 
========================================================================
Received Import Request.
  Time since last request: 3.672600 seconds.
  path: Assets/BrokenVector/LowPolyDungeon/Prefabs/Clutter/Amphora.prefab
  artifactKey: Guid(afc3fedc78427f04097996d062288c66) Importer(815301076,1909f56bfc062723c751e8b465ee728b)
Start importing Assets/BrokenVector/LowPolyDungeon/Prefabs/Clutter/Amphora.prefab using Guid(afc3fedc78427f04097996d062288c66) Importer(815301076,1909f56bfc062723c751e8b465ee728b)  -> (artifact id: 'd3bec441a22d8cce9b958136ef57cafd') in 0.010936 seconds 
========================================================================
Received Import Request.
  Time since last request: 0.588349 seconds.
  path: Assets/BrokenVector/LowPolyDungeon/Prefabs/Clutter/Bag.prefab
  artifactKey: Guid(6d74876d99d459743af39429f3ef69b5) Importer(815301076,1909f56bfc062723c751e8b465ee728b)
Start importing Assets/BrokenVector/LowPolyDungeon/Prefabs/Clutter/Bag.prefab using Guid(6d74876d99d459743af39429f3ef69b5) Importer(815301076,1909f56bfc062723c751e8b465ee728b)  -> (artifact id: 'c644a3dcdf86d091507c2675534a2f72') in 0.011932 seconds 
========================================================================
Received Import Request.
  Time since last request: 0.375724 seconds.
  path: Assets/BrokenVector/LowPolyDungeon/Prefabs/Clutter/Beaker_Small.prefab
  artifactKey: Guid(f86dc25794fda774aa908152821e0248) Importer(815301076,1909f56bfc062723c751e8b465ee728b)
Start importing Assets/BrokenVector/LowPolyDungeon/Prefabs/Clutter/Beaker_Small.prefab using Guid(f86dc25794fda774aa908152821e0248) Importer(815301076,1909f56bfc062723c751e8b465ee728b)  -> (artifact id: 'da9a1e4ebf0e1f14c925d36babfc4f95') in 0.142692 seconds 
========================================================================
Received Import Request.
  Time since last request: 2.759685 seconds.
  path: Assets/BrokenVector/LowPolyDungeon/Prefabs/Furniture/Banner.prefab
  artifactKey: Guid(ad4bcbbca7d5fde4cbaa62e8f9296dd9) Importer(815301076,1909f56bfc062723c751e8b465ee728b)
Start importing Assets/BrokenVector/LowPolyDungeon/Prefabs/Furniture/Banner.prefab using Guid(ad4bcbbca7d5fde4cbaa62e8f9296dd9) Importer(815301076,1909f56bfc062723c751e8b465ee728b)  -> (artifact id: 'd98fae005917ac834ea91c6ac8f361fd') in 0.011895 seconds 
========================================================================
Received Import Request.
  Time since last request: 0.211492 seconds.
  path: Assets/BrokenVector/LowPolyDungeon/Prefabs/Furniture/Amphora_Stand.prefab
  artifactKey: Guid(f5709a3035aa0ca4d94745aaf44038fd) Importer(815301076,1909f56bfc062723c751e8b465ee728b)
Start importing Assets/BrokenVector/LowPolyDungeon/Prefabs/Furniture/Amphora_Stand.prefab using Guid(f5709a3035aa0ca4d94745aaf44038fd) Importer(815301076,1909f56bfc062723c751e8b465ee728b)  -> (artifact id: 'd7d69c5399d0d2ae9b22e560f8387e64') in 0.012089 seconds 
========================================================================
Received Import Request.
  Time since last request: 0.380696 seconds.
  path: Assets/BrokenVector/LowPolyDungeon/Prefabs/Furniture/Barrel_Open.prefab
  artifactKey: Guid(591bed4d8c69b824c81e7261d794d9f5) Importer(815301076,1909f56bfc062723c751e8b465ee728b)
Start importing Assets/BrokenVector/LowPolyDungeon/Prefabs/Furniture/Barrel_Open.prefab using Guid(591bed4d8c69b824c81e7261d794d9f5) Importer(815301076,1909f56bfc062723c751e8b465ee728b)  -> (artifact id: 'c696f30ab10b8768d42f34878b33ec7b') in 0.011467 seconds 
========================================================================
Received Import Request.
  Time since last request: 0.262301 seconds.
  path: Assets/BrokenVector/LowPolyDungeon/Prefabs/Furniture/Chair.prefab
  artifactKey: Guid(dc02f77b0506f764c9d22c61c681c4af) Importer(815301076,1909f56bfc062723c751e8b465ee728b)
Start importing Assets/BrokenVector/LowPolyDungeon/Prefabs/Furniture/Chair.prefab using Guid(dc02f77b0506f764c9d22c61c681c4af) Importer(815301076,1909f56bfc062723c751e8b465ee728b)  -> (artifact id: '089a9b71cb1d785e8ce6942d184357f9') in 0.010972 seconds 
========================================================================
Received Import Request.
  Time since last request: 0.287378 seconds.
  path: Assets/BrokenVector/LowPolyDungeon/Prefabs/Furniture/Desk.prefab
  artifactKey: Guid(06b9d15b7d33e854cb23fe58a33238aa) Importer(815301076,1909f56bfc062723c751e8b465ee728b)
Start importing Assets/BrokenVector/LowPolyDungeon/Prefabs/Furniture/Desk.prefab using Guid(06b9d15b7d33e854cb23fe58a33238aa) Importer(815301076,1909f56bfc062723c751e8b465ee728b)  -> (artifact id: '2b96c6d6d6f04743c5c969d92e1f2b79') in 0.011751 seconds 
========================================================================
Received Import Request.
  Time since last request: 0.262638 seconds.
  path: Assets/BrokenVector/LowPolyDungeon/Prefabs/Furniture/Shelf_Wall.prefab
  artifactKey: Guid(559f839e0f294cf499731ff6070352ac) Importer(815301076,1909f56bfc062723c751e8b465ee728b)
Start importing Assets/BrokenVector/LowPolyDungeon/Prefabs/Furniture/Shelf_Wall.prefab using Guid(559f839e0f294cf499731ff6070352ac) Importer(815301076,1909f56bfc062723c751e8b465ee728b)  -> (artifact id: '0cca02e4379841e4ac7a2864452dffaf') in 0.010780 seconds 
